<?xml version="1.0" encoding="UTF-8"?>
<!-- Generated by org.testng.reporters.JUnitXMLReporter -->
<testsuite ignored="0" hostname="MDALLAL" failures="0" tests="3" name="Default test" time="71.925" errors="0" timestamp="2025-04-21T23:37:13 GMT+03:00">
  <testcase classname="coden_box_automation_test.coden_box_automation_test.AppTest" name="Radio_Button" time="0.176"/>
  <testcase classname="coden_box_automation_test.coden_box_automation_test.AppTest" name="Dynamic_Dropdown" time="1.234"/>
  <testcase classname="coden_box_automation_test.coden_box_automation_test.AppTest" name="Static_Dropdown" time="0.247"/>
</testsuite> <!-- Default test -->
