<?xml version="1.0" encoding="UTF-8"?>
<testng-results ignored="0" total="3" passed="3" failed="0" skipped="0">
  <reporter-output>
  </reporter-output>
  <suite started-at="2025-04-21T23:36:01 GMT+03:00" name="Default suite" finished-at="2025-04-21T23:37:13 GMT+03:00" duration-ms="71925">
    <groups>
    </groups>
    <test started-at="2025-04-21T23:36:01 GMT+03:00" name="Default test" finished-at="2025-04-21T23:37:13 GMT+03:00" duration-ms="71925">
      <class name="coden_box_automation_test.coden_box_automation_test.AppTest">
        <test-method is-config="true" signature="My_SetUp()[pri:0, instance:coden_box_automation_test.coden_box_automation_test.AppTest@366c4480]" started-at="2025-04-21T23:36:01 GMT+03:00" name="My_SetUp" finished-at="2025-04-21T23:37:11 GMT+03:00" duration-ms="70130" status="PASS">
          <reporter-output>
          </reporter-output>
        </test-method> <!-- My_SetUp -->
        <test-method signature="Radio_Button()[pri:1, instance:coden_box_automation_test.coden_box_automation_test.AppTest@366c4480]" started-at="2025-04-21T23:37:11 GMT+03:00" name="Radio_Button" finished-at="2025-04-21T23:37:11 GMT+03:00" duration-ms="176" status="PASS">
          <reporter-output>
          </reporter-output>
        </test-method> <!-- Radio_Button -->
        <test-method signature="Dynamic_Dropdown()[pri:2, instance:coden_box_automation_test.coden_box_automation_test.AppTest@366c4480]" started-at="2025-04-21T23:37:11 GMT+03:00" name="Dynamic_Dropdown" finished-at="2025-04-21T23:37:12 GMT+03:00" duration-ms="1234" status="PASS">
          <reporter-output>
          </reporter-output>
        </test-method> <!-- Dynamic_Dropdown -->
        <test-method signature="Static_Dropdown()[pri:3, instance:coden_box_automation_test.coden_box_automation_test.AppTest@366c4480]" started-at="2025-04-21T23:37:12 GMT+03:00" name="Static_Dropdown" finished-at="2025-04-21T23:37:13 GMT+03:00" duration-ms="247" status="PASS">
          <reporter-output>
          </reporter-output>
        </test-method> <!-- Static_Dropdown -->
      </class> <!-- coden_box_automation_test.coden_box_automation_test.AppTest -->
    </test> <!-- Default test -->
  </suite> <!-- Default suite -->
</testng-results>
