<?xml version="1.0" encoding="UTF-8"?>
<testng-results ignored="0" total="2" passed="2" failed="0" skipped="0">
  <reporter-output>
  </reporter-output>
  <suite started-at="2025-04-21T21:57:57 GMT+03:00" name="Default suite" finished-at="2025-04-21T21:58:13 GMT+03:00" duration-ms="15864">
    <groups>
    </groups>
    <test started-at="2025-04-21T21:57:57 GMT+03:00" name="Default test" finished-at="2025-04-21T21:58:13 GMT+03:00" duration-ms="15864">
      <class name="coden_box_automation_test.coden_box_automation_test.AppTest">
        <test-method is-config="true" signature="My_SetUp()[pri:0, instance:coden_box_automation_test.coden_box_automation_test.AppTest@3b0c9195]" started-at="2025-04-21T21:57:57 GMT+03:00" name="My_SetUp" finished-at="2025-04-21T21:58:12 GMT+03:00" duration-ms="14090" status="PASS">
          <reporter-output>
          </reporter-output>
        </test-method> <!-- My_SetUp -->
        <test-method signature="Radio_Button()[pri:1, instance:coden_box_automation_test.coden_box_automation_test.AppTest@3b0c9195]" started-at="2025-04-21T21:58:12 GMT+03:00" name="Radio_Button" finished-at="2025-04-21T21:58:12 GMT+03:00" duration-ms="183" status="PASS">
          <reporter-output>
          </reporter-output>
        </test-method> <!-- Radio_Button -->
        <test-method signature="Dynamic_Dropdown()[pri:2, instance:coden_box_automation_test.coden_box_automation_test.AppTest@3b0c9195]" started-at="2025-04-21T21:58:12 GMT+03:00" name="Dynamic_Dropdown" finished-at="2025-04-21T21:58:13 GMT+03:00" duration-ms="1416" status="PASS">
          <reporter-output>
          </reporter-output>
        </test-method> <!-- Dynamic_Dropdown -->
      </class> <!-- coden_box_automation_test.coden_box_automation_test.AppTest -->
    </test> <!-- Default test -->
  </suite> <!-- Default suite -->
</testng-results>
